-------------------------------------------------------------------------------
Test set: TestSuite
-------------------------------------------------------------------------------
Tests run: 2, Failures: 1, Errors: 0, Skipped: 0, Time elapsed: 9.797 s <<< FAILURE! - in TestSuite
LibraryDelete(libraryService.LibraryTest)  Time elapsed: 0.224 s  <<< FAILURE!
java.lang.AssertionError: expected [book is successfully deleted] but found [books is successfully deleted]
	at libraryService.LibraryTest.LibraryDelete(LibraryTest.java:64)

